mode: atomic
github.com/the-go-programming-language/ch1/1.1/main.go:15.13,19.2 2 3
github.com/the-go-programming-language/ch1/1.2/main.go:14.13,19.36 2 3
github.com/the-go-programming-language/ch1/1.2/main.go:25.2,25.34 1 3
github.com/the-go-programming-language/ch1/1.2/main.go:19.36,21.3 1 5
github.com/the-go-programming-language/ch1/1.2/main.go:25.34,27.3 1 5
github.com/the-go-programming-language/ch2/2.1/src/tempconv/conv.go:4.33,6.2 1 6
github.com/the-go-programming-language/ch2/2.1/src/tempconv/conv.go:9.33,11.2 1 6
github.com/the-go-programming-language/ch2/2.1/src/tempconv/conv.go:14.29,16.2 1 6
github.com/the-go-programming-language/ch2/2.1/src/tempconv/conv.go:19.29,21.2 1 6
github.com/the-go-programming-language/ch2/2.1/src/tempconv/conv.go:24.32,26.2 1 3
github.com/the-go-programming-language/ch2/2.1/src/tempconv/conv.go:29.32,31.2 1 3
github.com/the-go-programming-language/ch2/2.1/src/tempconv/tempconv.go:21.34,23.2 1 3
github.com/the-go-programming-language/ch2/2.1/src/tempconv/tempconv.go:25.37,27.2 1 3
github.com/the-go-programming-language/ch2/2.1/src/tempconv/tempconv.go:29.33,31.2 1 3
